Start testing: Dec 11 21:07 Nepal Standard Time
----------------------------------------------------------
1/1 Testing: AudioProcessorTests
1/1 Test: AudioProcessorTests
Command: "C:/My Documents/DSPProjects/AudioProcessor_Mod/build/tests/AudioProcessorTests.exe"
Directory: C:/My Documents/DSPProjects/AudioProcessor_Mod/build/tests
"AudioProcessorTests" start time: Dec 11 21:07 Nepal Standard Time
Output:
----------------------------------------------------------
[==========] Running 5 tests from 1 test suite.
[----------] Global test environment set-up.
[----------] 5 tests from WaveAudioProcessorTest
[ RUN      ] WaveAudioProcessorTest.LoadAudioTest
ERROR: File doesn't exist or otherwise can't load file
../audio/input/test1.wav
C:\My Documents\DSPProjects\AudioProcessor_Mod\tests\WaveAudioProcessorTest.cpp:13: Failure
Value of: processor.loadAudio(TEST_AUDIO_FILE)
  Actual: false
Expected: true

ERROR: File doesn't exist or otherwise can't load file
invalid_file.wav
[  FAILED  ] WaveAudioProcessorTest.LoadAudioTest (0 ms)
[ RUN      ] WaveAudioProcessorTest.SaveAudioTest
ERROR: File doesn't exist or otherwise can't load file
../audio/input/test1.wav
C:\My Documents\DSPProjects\AudioProcessor_Mod\tests\WaveAudioProcessorTest.cpp:24: Failure
Value of: processor.loadAudio(TEST_AUDIO_FILE)
  Actual: false
Expected: true

<end of output>
Test time =   0.12 sec
----------------------------------------------------------
Test Failed.
"AudioProcessorTests" end time: Dec 11 21:07 Nepal Standard Time
"AudioProcessorTests" time elapsed: 00:00:00
----------------------------------------------------------

End testing: Dec 11 21:07 Nepal Standard Time
