<?xml version="1.0" encoding="UTF-8"?>
<Site BuildName="(empty)"
	BuildStamp="20241211-1450-Experimental"
	Name="(empty)"
	Generator="ctest-3.31.2"
	CompilerName=""
	CompilerVersion=""
	OSName="Windows"
	Hostname="DESKTOP-42I6GD7"
	OSRelease=" Personal"
	OSVersion=" (Build 19045)"
	OSPlatform="AMD64"
	Is64Bits="1"
	VendorString="GenuineIntel"
	VendorID="Intel Corporation"
	FamilyID="6"
	ModelID="14"
	ModelName=""
	ProcessorCacheSize="-1"
	NumberOfLogicalCPU="4"
	NumberOfPhysicalCPU="2"
	TotalVirtualMemory="14857"
	TotalPhysicalMemory="7916"
	LogicalProcessorsPerPhysical="2"
	ProcessorClockFrequency="2712"
	>
	<Testing>
		<StartDateTime>Dec 11 21:20 Nepal Standard Time</StartDateTime>
		<StartTestTime>1733931310</StartTestTime>
		<TestList>
			<Test>./tests/AudioProcessorTests</Test>
		</TestList>
		<Test Status="passed">
			<Name>AudioProcessorTests</Name>
			<Path>./tests</Path>
			<FullName>./tests/AudioProcessorTests</FullName>
			<FullCommandLine>"C:\My Documents\DSPProjects\AudioProcessor_Mod\build\tests\AudioProcessorTests.exe"</FullCommandLine>
			<Results>
				<NamedMeasurement type="numeric/double" name="Execution Time">
					<Value>0.280997</Value>
				</NamedMeasurement>
				<NamedMeasurement type="numeric/double" name="Processors">
					<Value>1</Value>
				</NamedMeasurement>
				<NamedMeasurement type="text/string" name="Completion Status">
					<Value>Completed</Value>
				</NamedMeasurement>
				<NamedMeasurement type="text/string" name="Command Line">
					<Value>"C:\My Documents\DSPProjects\AudioProcessor_Mod\build\tests\AudioProcessorTests.exe"</Value>
				</NamedMeasurement>
				<NamedMeasurement type="text/string" name="Environment">
					<Value>#CTEST_RESOURCE_GROUP_COUNT=</Value>
				</NamedMeasurement>
				<Measurement>
					<Value encoding="base64" compression="gzip">eJyVk8FOwzAMhu95Ct/oDq1URDWExGFoYwcQm1oQh6pCYXVZpDSukrTl8cm6MdZJE61vjv3n8x/F6f0xMohrpYT6gggsGmug0FRC2CVgamExYKl/jAyWkj653NdRNUKTKlG5XrR+XZ019y595w3O6lzQWtMGjSH96ooshfjtBbrILvQEz8Tz7rhTLOJ4Fd/Bo5AIOaFRV26Ub+EGIg1kt6hbYRA2fFeQTgqFa2VCNVyK/GOXBC1vHHkfq6eBZPCuIyjNZNDMye/xweX/rJ4CvGk4mLVE+1AXBerBrJ7C+boZw0p4WUmMucUxvL4KvHA6yp+wc6zsdpTDE80fb+QHdcLo1inBkuVywoatg0Wu/ZxaxdLTbbu4ZaC5Cs5RzuZ6liSL+e5pDtKA/QAt1Dg/====</Value>
				</Measurement>
			</Results>
		</Test>
		<EndDateTime>Dec 11 21:20 Nepal Standard Time</EndDateTime>
		<EndTestTime>1733931310</EndTestTime>
		<ElapsedMinutes>0</ElapsedMinutes>
	</Testing>
</Site>
